U2FsdGVkX18gExP//wAAACL4ZfmHwzBmEJFZ/LF2EtmkZQuScgjDd0Kqef5YfbIc
AyLN8FCqYJxsZdvLQj83DM0Hk2ji4EhswyH0mZywGRN0/r4a2nEPdPkkikP3eRXd
RMlLBZMBBiwjuMeuYYB+G21QCxaBpKRhBQ5tnKNZl2Uh2HUEa2c7QnsA/yC0UZqW
GHj2LeeR3U9FZcXs+deE7s7GI4ljeabSi8E2sB2JuAg3OrN4un4lPcBr2ZG4LfM6
SeJQxzjlJuNCUJTH5iZJ7+luqco2nvJ0VF2O4wQHNFnILaGUlw46ZTYRif/l9MB9
bfB3je+a8Ew7qWbbxtzqHwzSlu6jLk4kQNjAnIiVppJr/p6UxoHpkoixCjrGm+qN
ZwiE4jOIIh72psJyDT6p/j4YgXzrVLmI7c06wwn0CLWYavHmrnjxhJhNQB67IZSk
relgSdURsnltVSmBzhjcBoqpaHNv2x0PMOJLbGJ4mKz0HlMCeT/tuFdu5zklZtuu
p23jAGUn3Cjljn3Rl5gpEeiYc0AhA1tVAh4JeViOURJncq1foprlsz02vBN5VENb
5qDwHg3jgHIqIz/UDEdoVPQPu08BpO8xQ6f4zAVjhOveOsCd2sjHrDSLKDc3CobZ
zs9H4qu8oZ2KzDLC9kfi5Y3E+sDP7RViI221IbErf/gpuDMogcBGr1FtvLIwoJOO
X4IaFa3so7unmqUXBfLTe3Xmr/KceZGxB8X7V64/AWjxRH5JLjYUW3ESyL++QI7O
LWsx6Rs0lunZfNCCqyLo0toWLSNXX3J+b151WYJM1pPLRKXXQpTQojzDgq2MB9fc
GCQHEPIxDINS8j+zDP48ldvlX687kmHxkT96gi/VCB1kwkxa9iN4w5AmU8ruF8o0
yHV46PF2Q8ODxYEEOeLv+ggCE3SwA9v2+U8OVdM491q3l53wVkv2u/jdwMb4omTi
699sTxmttLxxDg3e/s4m/GQrSlriu93K/yBx0rAUo5/7isXfNJk8Zs+7JeN52mrG
CbYWFoXkBXqQp7f7sxhUyLkobY3hsWynHib77usLr3pX1ejrvBHaseSDkY8ZamNg
3SxP2kOI5WuF0dVkGZOufVu+Vl+NO6pxn7Jqgwhx0TMIr2f/+JYv3OuvhKJbqbsA
k6nJv/dM57ZivSr27xvJ8dtMxxaLvLUXw5Vb6Yq67dDj1oNUqp4wMNLxHwVPHKXn
6v+RoZmV1LAwXX5zsP+AizePOtnnhXwna2k9RP+FAiwdAmhVfWoAVU4pYd64sVtw
zRpVwWfm4Fr2oRhxfDjEiy6xY1MBh/PpTGr1Ft3NAS+g52J3+0woovvbm+s4XHW4
g0mSLXYASO9PMVxwT3bly+R1w09FsZA8ezXlISTtdWCf1lISHWcKrIB3mVgiHjFN
HkYxwxoRdOoQeVqYqyOs7qCs1D4mnnj3a9EgSYoS/SLYiSXa80fKy3YNL91g4o6b
P4ivY0CT0zIHMDD1NjAabh+wRfKa+81Z3VPvtmuRy1mfdUw+tzuoQ5t7zLTdYqwD
yBNJP6yk32C3RhyzJrjagwivZ//4li/c66+EolupuwDRHODluahSNZ+TVn+JHV85
iNNU1G3ggTVf4oyZLvcu2w/x6PvoZ1FpLvYhLg5rZTprS5y0zGCOHi3o3+r6B7/f
X0k/cjhdMhNXJ92OIn3vdo0OoJuB6JV+y4HpjgP7JAXLxHCdC022pdA9NbT/gn1q
SHU+armvnn23rKDCIbro2GnPrmvOOeTUVD1x0ZU479kCZN7w4Ys/V0qVvKS3bKfe
cUQr7uHl9GdfrQZcoUZ6Jnk2GeXHj0DSITFAjFvbKTCld1dwyTByJk0D37ft8lzQ
uYYwP6UAyZq+UEYkplgW3NdEyguLrV7EpBNFZ769VY3YiSXa80fKy3YNL91g4o6b
Ry07HQPhyH6SMva9ekd+0HhLw4Q4P8zTo86/bHDOP4TCvdk8XKaVNK+XkHm1ap3F
Fr+8zE9T1xViOY7aCkekNGdqWcSUTMjP3sT9w9pCHs81y6CW0a/yZWIrWDcNq5JF
ExoN6wmAqs7svN94j1IYH4zp5Ztze5ShVsmw+2oOx/nRnw4ZrN5FyqcnHix/nWxS
s12KE3Z9TeI35543YUFpVzXLoJbRr/JlYitYNw2rkkVj9xMCEAotdcoJyM0q+zJt
9qE14njmTx89bST0G4427KJYovX5TWvl19f8sjHqYDKMmzAcLzL/+TJQ95GPlezw
IP7b9dclc1tE6/gWOSWrpxsYTdeKK4AqnhCnuxGhkSEyTsoyZ9UG1RIPkP5b83dN
cAOKH0zsdEztlcpAEw1CmO94jO9+co4JJS+DSyRcOT7dFAnK65EoZJ1F+vsaBHQw
MbPbSdBhWZa7aOLm/UxGC3FEK+7h5fRnX60GXKFGeiZBRId1vmxdRbGX4CFzyR1/
nX1tJabU3NN8HnqH5NIpNNV/nlfaHBZoX//pG//WNWaL0jzKU0yoi1mODY6SjxfG
X0k/cjhdMhNXJ92OIn3vdq6B2lWOdzrRm4igEr6Lcbq8OX/igctLsy593UiwQacP
3RQJyuuRKGSdRfr7GgR0MM4h3z45Kwb4/0hyfhPvKg5xRCvu4eX0Z1+tBlyhRnom
IqruLJHimmiiPdSiMfJp1XflIkap48ugNl6D5keBzJHkKU5nGjMOkAedXQilA2nI
GRInPkRQc7LqEaGWZ1u+SNiJJdrzR8rLdg0v3WDijpuSQNjGHQzh2egaD7Hdo4AE
pl2G9WSLJ9ZBeXg5E9+Oah34S9qP1aSS27r6rxGWjuY=
