U2FsdGVkX18gExP//wAAACL4ZfmHwzBmEJFZ/LF2EtmmN/diPKF6SsmNqqKWU2mD
AyLN8FCqYJxsZdvLQj83DM0Hk2ji4EhswyH0mZywGRN0/r4a2nEPdPkkikP3eRXd
b+lMPQ8qGRV0YP3t0cyKqm1QCxaBpKRhBQ5tnKNZl2VQB7y8JFf57m52Nxa0tn87
GHj2LeeR3U9FZcXs+deE7s7GI4ljeabSi8E2sB2JuAg3OrN4un4lPcBr2ZG4LfM6
SeJQxzjlJuNCUJTH5iZJ7+luqco2nvJ0VF2O4wQHNFkNCa5A4nyczAajUIbLklJW
bfB3je+a8Ew7qWbbxtzqHwzSlu6jLk4kQNjAnIiVppJr/p6UxoHpkoixCjrGm+qN
ZwiE4jOIIh72psJyDT6p/j4YgXzrVLmI7c06wwn0CLWYavHmrnjxhJhNQB67IZSk
relgSdURsnltVSmBzhjcBoqpaHNv2x0PMOJLbGJ4mKz0HlMCeT/tuFdu5zklZtuu
p23jAGUn3Cjljn3Rl5gpEeiYc0AhA1tVAh4JeViOURJncq1foprlsz02vBN5VENb
5qDwHg3jgHIqIz/UDEdoVPQPu08BpO8xQ6f4zAVjhOveOsCd2sjHrDSLKDc3CobZ
zs9H4qu8oZ2KzDLC9kfi5Y3E+sDP7RViI221IbErf/gpuDMogcBGr1FtvLIwoJOO
X4IaFa3so7unmqUXBfLTe3Xmr/KceZGxB8X7V64/AWjxRH5JLjYUW3ESyL++QI7O
LWsx6Rs0lunZfNCCqyLo0toWLSNXX3J+b151WYJM1pPLRKXXQpTQojzDgq2MB9fc
GCQHEPIxDINS8j+zDP48ldvlX687kmHxkT96gi/VCB1kwkxa9iN4w5AmU8ruF8o0
yHV46PF2Q8ODxYEEOeLv+ggCE3SwA9v2+U8OVdM491q3l53wVkv2u/jdwMb4omTi
TpydzUSB6vKrNT8pOrWYhQhGK/gPS0wUrf5TX2Oi1eP7isXfNJk8Zs+7JeN52mrG
CbYWFoXkBXqQp7f7sxhUyLkobY3hsWynHib77usLr3pX1ejrvBHaseSDkY8ZamNg
3SxP2kOI5WuF0dVkGZOufZnMDKTwBANoMzDIA5dIStYIr2f/+JYv3OuvhKJbqbsA
k6nJv/dM57ZivSr27xvJ8dtMxxaLvLUXw5Vb6Yq67dDj1oNUqp4wMNLxHwVPHKXn
6v+RoZmV1LAwXX5zsP+AizePOtnnhXwna2k9RP+FAiwdAmhVfWoAVU4pYd64sVtw
zRpVwWfm4Fr2oRhxfDjEiy6xY1MBh/PpTGr1Ft3NAS+g52J3+0woovvbm+s4XHW4
g0mSLXYASO9PMVxwT3bly+R1w09FsZA8ezXlISTtdWCf1lISHWcKrIB3mVgiHjFN
HkYxwxoRdOoQeVqYqyOs7tE/SJbZm+WItLEHBVTs+WXYiSXa80fKy3YNL91g4o6b
P4ivY0CT0zIHMDD1NjAabh+wRfKa+81Z3VPvtmuRy1mfdUw+tzuoQ5t7zLTdYqwD
NNOw4XQmD2ZazV7KO3bNLAivZ//4li/c66+EolupuwBoN2MJ977zSB7MgWJL1AVY
jF1thnUPKfIhPHHnIefYTwPBfeUPjzUqJkV7lPf+64I=
